<?xml version="1.0" encoding="UTF-8"?>
<testsuite xmlns:xsi="http://www.w3.org/2001/XMLSchema-instance" xsi:noNamespaceSchemaLocation="https://maven.apache.org/surefire/maven-surefire-plugin/xsd/surefire-test-report-3.0.xsd" version="3.0" name="IngredientTest" time="0.088" tests="3" errors="0" skipped="0" failures="0">
  <properties>
[...]
</properties>
  <testcase name="convertMilliliterToLiter" classname="IngredientTest" time="0.045"/>
  <testcase name="convertGramToKilo" classname="IngredientTest" time="0.002"/>
  <testcase name="createIngredient" classname="IngredientTest" time="0.009"/>
</testsuite>